[    0.000000] Linux version 4.15.0-163-generic (buildd@lcy01-amd64-021) (gcc version 7.5.0 (Ubuntu 7.5.0-3ubuntu1~18.04)) #171-Ubuntu SMP Fri Nov 5 11:55:11 UTC 2021 (Ubuntu 4.15.0-163.171-generic 4.15.18)
[    0.000000] Command line: BOOT_IMAGE=/boot/vmlinuz-4.15.0-163-generic root=LABEL=cloudimg-rootfs ro console=tty1 console=ttyS0
[    0.000000] KERNEL supported cpus:
[    0.000000]   Intel GenuineIntel
[    0.000000]   AMD AuthenticAMD
[    0.000000]   Centaur CentaurHauls
[    0.000000] x86/fpu: Supporting XSAVE feature 0x001: 'x87 floating point registers'
[    0.000000] x86/fpu: Supporting XSAVE feature 0x002: 'SSE registers'
[    0.000000] x86/fpu: Supporting XSAVE feature 0x004: 'AVX registers'
[    0.000000] x86/fpu: xstate_offset[2]:  576, xstate_sizes[2]:  256
[    0.000000] x86/fpu: Enabled xstate features 0x7, context size is 832 bytes, using 'standard' format.
[    0.000000] e820: BIOS-provided physical RAM map:
[    0.000000] BIOS-e820: [mem 0x0000000000000000-0x000000000009fbff] usable
[    0.000000] BIOS-e820: [mem 0x000000000009fc00-0x000000000009ffff] reserved
[    0.000000] BIOS-e820: [mem 0x00000000000f0000-0x00000000000fffff] reserved
[    0.000000] BIOS-e820: [mem 0x0000000000100000-0x000000003ffeffff] usable
[    0.000000] BIOS-e820: [mem 0x000000003fff0000-0x000000003fffffff] ACPI data
[    0.000000] BIOS-e820: [mem 0x00000000fec00000-0x00000000fec00fff] reserved
[    0.000000] BIOS-e820: [mem 0x00000000fee00000-0x00000000fee00fff] reserved
[    0.000000] BIOS-e820: [mem 0x00000000fffc0000-0x00000000ffffffff] reserved
[    0.000000] NX (Execute Disable) protection: active
[    0.000000] SMBIOS 2.5 present.
[    0.000000] DMI: innotek GmbH VirtualBox/VirtualBox, BIOS VirtualBox 12/01/2006
[    0.000000] Hypervisor detected: KVM
[    0.000000] e820: last_pfn = 0x3fff0 max_arch_pfn = 0x400000000
[    0.000000] MTRR: Disabled
[    0.000000] x86/PAT: MTRRs disabled, skipping PAT initialization too.
[    0.000000] CPU MTRRs all blank - virtualized system.
[    0.000000] x86/PAT: Configuration [0-7]: WB  WT  UC- UC  WB  WT  UC- UC  
[    0.000000] found SMP MP-table at [mem 0x0009fff0-0x0009ffff]
[    0.000000] Scanning 1 areas for low memory corruption
[    0.000000] RAMDISK: [mem 0x359cd000-0x36cddfff]
[    0.000000] ACPI: Early table checksum verification disabled
[    0.000000] ACPI: RSDP 0x00000000000E0000 000024 (v02 VBOX  )
[    0.000000] ACPI: XSDT 0x000000003FFF0030 00003C (v01 VBOX   VBOXXSDT 00000001 ASL  00000061)
[    0.000000] ACPI: FACP 0x000000003FFF00F0 0000F4 (v04 VBOX   VBOXFACP 00000001 ASL  00000061)
[    0.000000] ACPI: DSDT 0x000000003FFF0470 002325 (v02 VBOX   VBOXBIOS 00000002 INTL 20100528)
[    0.000000] ACPI: FACS 0x000000003FFF0200 000040
[    0.000000] ACPI: FACS 0x000000003FFF0200 000040
[    0.000000] ACPI: APIC 0x000000003FFF0240 00005C (v02 VBOX   VBOXAPIC 00000001 ASL  00000061)
[    0.000000] ACPI: SSDT 0x000000003FFF02A0 0001CC (v01 VBOX   VBOXCPUT 00000002 INTL 20100528)
[    0.000000] ACPI: Reserving FACP table memory at [mem 0x3fff00f0-0x3fff01e3]
[    0.000000] ACPI: Reserving DSDT table memory at [mem 0x3fff0470-0x3fff2794]
[    0.000000] ACPI: Reserving FACS table memory at [mem 0x3fff0200-0x3fff023f]
[    0.000000] ACPI: Reserving FACS table memory at [mem 0x3fff0200-0x3fff023f]
[    0.000000] ACPI: Reserving APIC table memory at [mem 0x3fff0240-0x3fff029b]
[    0.000000] ACPI: Reserving SSDT table memory at [mem 0x3fff02a0-0x3fff046b]
[    0.000000] No NUMA configuration found
[    0.000000] Faking a node at [mem 0x0000000000000000-0x000000003ffeffff]
[    0.000000] NODE_DATA(0) allocated [mem 0x3ffc5000-0x3ffeffff]
[    0.000000] kvm-clock: cpu 0, msr 0:3ff44001, primary cpu clock
[    0.000000] kvm-clock: Using msrs 4b564d01 and 4b564d00
[    0.000000] kvm-clock: using sched offset of 4229530051 cycles
[    0.000000] clocksource: kvm-clock: mask: 0xffffffffffffffff max_cycles: 0x1cd42e4dffb, max_idle_ns: 881590591483 ns
[    0.000000] Zone ranges:
[    0.000000]   DMA      [mem 0x0000000000001000-0x0000000000ffffff]
[    0.000000]   DMA32    [mem 0x0000000001000000-0x000000003ffeffff]
[    0.000000]   Normal   empty
[    0.000000]   Device   empty
[    0.000000] Movable zone start for each node
[    0.000000] Early memory node ranges
[    0.000000]   node   0: [mem 0x0000000000001000-0x000000000009efff]
[    0.000000]   node   0: [mem 0x0000000000100000-0x000000003ffeffff]
[    0.000000] Reserved but unavailable: 104 pages
[    0.000000] Initmem setup node 0 [mem 0x0000000000001000-0x000000003ffeffff]
[    0.000000] ACPI: PM-Timer IO Port: 0x4008
[    0.000000] IOAPIC[0]: apic_id 2, version 32, address 0xfec00000, GSI 0-23
[    0.000000] ACPI: INT_SRC_OVR (bus 0 bus_irq 0 global_irq 2 dfl dfl)
[    0.000000] ACPI: INT_SRC_OVR (bus 0 bus_irq 9 global_irq 9 low level)
[    0.000000] Using ACPI (MADT) for SMP configuration information
[    0.000000] smpboot: Allowing 2 CPUs, 0 hotplug CPUs
[    0.000000] PM: Registered nosave memory: [mem 0x00000000-0x00000fff]
[    0.000000] PM: Registered nosave memory: [mem 0x0009f000-0x0009ffff]
[    0.000000] PM: Registered nosave memory: [mem 0x000a0000-0x000effff]
[    0.000000] PM: Registered nosave memory: [mem 0x000f0000-0x000fffff]
[    0.000000] e820: [mem 0x40000000-0xfebfffff] available for PCI devices
[    0.000000] Booting paravirtualized kernel on KVM
[    0.000000] clocksource: refined-jiffies: mask: 0xffffffff max_cycles: 0xffffffff, max_idle_ns: 7645519600211568 ns
[    0.000000] random: get_random_bytes called from start_kernel+0x99/0x500 with crng_init=0
[    0.000000] setup_percpu: NR_CPUS:8192 nr_cpumask_bits:2 nr_cpu_ids:2 nr_node_ids:1
[    0.000000] percpu: Embedded 45 pages/cpu s147456 r8192 d28672 u1048576
[    0.000000] PV qspinlock hash table entries: 256 (order: 0, 4096 bytes)
[    0.000000] Built 1 zonelists, mobility grouping on.  Total pages: 257913
[    0.000000] Policy zone: DMA32
[    0.000000] Kernel command line: BOOT_IMAGE=/boot/vmlinuz-4.15.0-163-generic root=LABEL=cloudimg-rootfs ro console=tty1 console=ttyS0
[    0.000000] Memory: 982712K/1048120K available (12300K kernel code, 2483K rwdata, 4320K rodata, 2448K init, 2724K bss, 65408K reserved, 0K cma-reserved)
[    0.000000] SLUB: HWalign=64, Order=0-3, MinObjects=0, CPUs=2, Nodes=1
[    0.000000] ftrace: allocating 39476 entries in 155 pages
[    0.004000] Hierarchical RCU implementation.
[    0.004000] 	RCU restricting CPUs from NR_CPUS=8192 to nr_cpu_ids=2.
[    0.004000] 	Tasks RCU enabled.
[    0.004000] RCU: Adjusting geometry for rcu_fanout_leaf=16, nr_cpu_ids=2
[    0.004000] NR_IRQS: 524544, nr_irqs: 440, preallocated irqs: 16
[    0.004000] Console: colour VGA+ 80x25
[    0.004000] console [tty1] enabled
[    0.004000] console [ttyS0] enabled
[    0.004000] ACPI: Core revision 20170831
[    0.004000] ACPI: 2 ACPI AML tables successfully acquired and loaded
[    0.004000] APIC: Switch to symmetric I/O mode setup
[    0.004000] x2apic enabled
[    0.004000] Switched APIC routing to physical x2apic.
[    0.006458] ..TIMER: vector=0x30 apic1=0 pin1=2 apic2=-1 pin2=-1
[    0.008009] tsc: Detected 1991.997 MHz processor
[    0.009330] Calibrating delay loop (skipped) preset value.. 3983.99 BogoMIPS (lpj=7967988)
[    0.012007] pid_max: default: 32768 minimum: 301
[    0.013271] Security Framework initialized
[    0.014327] Yama: becoming mindful.
[    0.016029] AppArmor: AppArmor initialized
[    0.020044] Dentry cache hash table entries: 131072 (order: 8, 1048576 bytes)
[    0.022577] Inode-cache hash table entries: 65536 (order: 7, 524288 bytes)
[    0.024027] Mount-cache hash table entries: 2048 (order: 2, 16384 bytes)
[    0.025800] Mountpoint-cache hash table entries: 2048 (order: 2, 16384 bytes)
[    0.028352] Last level iTLB entries: 4KB 64, 2MB 8, 4MB 8
[    0.032006] Last level dTLB entries: 4KB 64, 2MB 0, 4MB 0, 1GB 4
[    0.033831] Spectre V1 : Mitigation: usercopy/swapgs barriers and __user pointer sanitization
[    0.036004] Spectre V2 : Mitigation: Full generic retpoline
[    0.037239] Spectre V2 : Spectre v2 / SpectreRSB mitigation: Filling RSB on context switch
[    0.040010] Speculative Store Bypass: Vulnerable
[    0.041127] SRBDS: Unknown: Dependent on hypervisor status
[    0.042329] MDS: Mitigation: Clear CPU buffers
[    0.043574] Freeing SMP alternatives memory: 36K
[    0.154855] smpboot: CPU0: Intel(R) Core(TM) i7-8565U CPU @ 1.80GHz (family: 0x6, model: 0x8e, stepping: 0xb)
[    0.156000] Performance Events: unsupported p6 CPU model 142 no PMU driver, software events only.
[    0.156000] Hierarchical SRCU implementation.
[    0.156526] NMI watchdog: Perf event create on CPU 0 failed with -2
[    0.157680] NMI watchdog: Perf NMI watchdog permanently disabled
[    0.158879] smp: Bringing up secondary CPUs ...
[    0.160010] x86: Booting SMP configuration:
[    0.160855] .... node  #0, CPUs:      #1
[    0.004000] kvm-clock: cpu 1, msr 0:3ff44041, secondary cpu clock
[    0.164023] smp: Brought up 1 node, 2 CPUs
[    0.164885] smpboot: Max logical packages: 1
[    0.165737] smpboot: Total of 2 processors activated (7967.98 BogoMIPS)
[    0.168104] devtmpfs: initialized
[    0.168750] x86/mm: Memory block size: 128MB
[    0.169801] evm: security.selinux
[    0.170489] evm: security.SMACK64
[    0.171177] evm: security.SMACK64EXEC
[    0.172003] evm: security.SMACK64TRANSMUTE
[    0.172823] evm: security.SMACK64MMAP
[    0.173588] evm: security.apparmor
[    0.174344] evm: security.ima
[    0.174996] evm: security.capability
[    0.176075] clocksource: jiffies: mask: 0xffffffff max_cycles: 0xffffffff, max_idle_ns: 7645041785100000 ns
[    0.178009] futex hash table entries: 512 (order: 3, 32768 bytes)
[    0.179280] pinctrl core: initialized pinctrl subsystem
[    0.184078] RTC time: 19:33:49, date: 05/09/22
[    0.185193] NET: Registered protocol family 16
[    0.186193] audit: initializing netlink subsys (disabled)
[    0.188005] audit: type=2000 audit(1652124835.313:1): state=initialized audit_enabled=0 res=1
[    0.188110] cpuidle: using governor ladder
[    0.189028] cpuidle: using governor menu
[    0.192019] ACPI: bus type PCI registered
[    0.192907] acpiphp: ACPI Hot Plug PCI Controller Driver version: 0.5
[    0.194688] PCI: Using configuration type 1 for base access
[    0.196868] HugeTLB registered 2.00 MiB page size, pre-allocated 0 pages
[    0.197509] ACPI: Added _OSI(Module Device)
[    0.200008] ACPI: Added _OSI(Processor Device)
[    0.200954] ACPI: Added _OSI(3.0 _SCP Extensions)
[    0.201990] ACPI: Added _OSI(Processor Aggregator Device)
[    0.203178] ACPI: Added _OSI(Linux-Dell-Video)
[    0.204003] ACPI: Added _OSI(Linux-Lenovo-NV-HDMI-Audio)
[    0.205109] ACPI: Added _OSI(Linux-HPI-Hybrid-Graphics)
[    0.206542] ACPI: Executed 1 blocks of module-level executable AML code
[    0.213185] ACPI: Interpreter enabled
[    0.214147] ACPI: (supports S0 S5)
[    0.214950] ACPI: Using IOAPIC for interrupt routing
[    0.216156] PCI: Using host bridge windows from ACPI; if necessary, use "pci=nocrs" and report a bug
[    0.218277] ACPI: Enabled 2 GPEs in block 00 to 07
[    0.226710] ACPI: PCI Root Bridge [PCI0] (domain 0000 [bus 00-ff])
[    0.228000] acpi PNP0A03:00: _OSC: OS supports [ASPM ClockPM Segments MSI]
[    0.228922] acpi PNP0A03:00: _OSC: not requesting OS control; OS requires [ExtendedConfig ASPM ClockPM MSI]
[    0.232023] acpi PNP0A03:00: fail to add MMCONFIG information, can't access extended PCI configuration space under this bridge.
[    0.236648] PCI host bridge to bus 0000:00
[    0.237845] pci_bus 0000:00: root bus resource [io  0x0000-0x0cf7 window]
[    0.239393] pci_bus 0000:00: root bus resource [io  0x0d00-0xffff window]
[    0.240009] pci_bus 0000:00: root bus resource [mem 0x000a0000-0x000bffff window]
[    0.242108] pci_bus 0000:00: root bus resource [mem 0x40000000-0xfdffffff window]
[    0.244006] pci_bus 0000:00: root bus resource [bus 00-ff]
[    0.250435] pci 0000:00:01.1: legacy IDE quirk: reg 0x10: [io  0x01f0-0x01f7]
[    0.252004] pci 0000:00:01.1: legacy IDE quirk: reg 0x14: [io  0x03f6]
[    0.253800] pci 0000:00:01.1: legacy IDE quirk: reg 0x18: [io  0x0170-0x0177]
[    0.256007] pci 0000:00:01.1: legacy IDE quirk: reg 0x1c: [io  0x0376]
[    0.281186] pci 0000:00:07.0: quirk: [io  0x4000-0x403f] claimed by PIIX4 ACPI
[    0.283188] pci 0000:00:07.0: quirk: [io  0x4100-0x410f] claimed by PIIX4 SMB
[    0.294429] ACPI: PCI Interrupt Link [LNKA] (IRQs 5 9 10 *11)
[    0.296581] ACPI: PCI Interrupt Link [LNKB] (IRQs 5 9 *10 11)
[    0.299169] ACPI: PCI Interrupt Link [LNKC] (IRQs 5 *9 10 11)
[    0.300257] ACPI: PCI Interrupt Link [LNKD] (IRQs 5 9 10 *11)
[    0.304124] SCSI subsystem initialized
[    0.305344] pci 0000:00:02.0: vgaarb: setting as boot VGA device
[    0.306126] pci 0000:00:02.0: vgaarb: VGA device added: decodes=io+mem,owns=io+mem,locks=none
[    0.308028] pci 0000:00:02.0: vgaarb: bridge control possible
[    0.312010] vgaarb: loaded
[    0.313399] ACPI: bus type USB registered
[    0.315063] usbcore: registered new interface driver usbfs
[    0.316045] usbcore: registered new interface driver hub
[    0.320036] usbcore: registered new device driver usb
[    0.322093] EDAC MC: Ver: 3.0.0
[    0.324333] PCI: Using ACPI for IRQ routing
[    0.326387] NetLabel: Initializing
[    0.328007] NetLabel:  domain hash size = 128
[    0.329669] NetLabel:  protocols = UNLABELED CIPSOv4 CALIPSO
[    0.331311] NetLabel:  unlabeled traffic allowed by default
[    0.332117] clocksource: Switched to clocksource kvm-clock
[    0.361866] VFS: Disk quotas dquot_6.6.0
[    0.363452] VFS: Dquot-cache hash table entries: 512 (order 0, 4096 bytes)
[    0.366252] AppArmor: AppArmor Filesystem Enabled
[    0.368053] pnp: PnP ACPI init
[    0.370749] pnp: PnP ACPI: found 3 devices
[    0.381654] clocksource: acpi_pm: mask: 0xffffff max_cycles: 0xffffff, max_idle_ns: 2085701024 ns
[    0.384051] NET: Registered protocol family 2
[    0.385555] IP idents hash table entries: 16384 (order: 5, 131072 bytes)
[    0.391114] TCP established hash table entries: 8192 (order: 4, 65536 bytes)
[    0.392935] TCP bind hash table entries: 8192 (order: 5, 131072 bytes)
[    0.394939] TCP: Hash tables configured (established 8192 bind 8192)
[    0.396496] UDP hash table entries: 512 (order: 2, 16384 bytes)
[    0.397922] UDP-Lite hash table entries: 512 (order: 2, 16384 bytes)
[    0.399460] NET: Registered protocol family 1
[    0.400566] pci 0000:00:00.0: Limiting direct PCI/PCI transfers
[    0.401991] pci 0000:00:01.0: Activating ISA DMA hang workarounds
[    0.403406] pci 0000:00:02.0: Video device with shadowed ROM at [mem 0x000c0000-0x000dffff]
[    0.405635] Unpacking initramfs...
[    0.758355] Freeing initrd memory: 19524K
[    0.759858] clocksource: tsc: mask: 0xffffffffffffffff max_cycles: 0x396d4bf570c, max_idle_ns: 881590425443 ns
[    0.762808] platform rtc_cmos: registered platform RTC device (no PNP device found)
[    0.764714] Scanning for low memory corruption every 60 seconds
[    0.766707] Initialise system trusted keyrings
[    0.767652] Key type blacklist registered
[    0.768862] workingset: timestamp_bits=36 max_order=18 bucket_order=0
[    0.771162] zbud: loaded
[    0.772345] squashfs: version 4.0 (2009/01/31) Phillip Lougher
[    0.773695] fuse init (API version 7.26)
[    0.777253] Key type asymmetric registered
[    0.778087] Asymmetric key parser 'x509' registered
[    0.779039] Block layer SCSI generic (bsg) driver version 0.4 loaded (major 246)
[    0.780619] io scheduler noop registered
[    0.781459] io scheduler deadline registered
[    0.782437] io scheduler cfq registered (default)
[    0.783722] ACPI: AC Adapter [AC] (on-line)
[    0.784726] input: Power Button as /devices/LNXSYSTM:00/LNXPWRBN:00/input/input0
[    0.786498] ACPI: Power Button [PWRF]
[    0.787318] input: Sleep Button as /devices/LNXSYSTM:00/LNXSLPBN:00/input/input1
[    0.788890] ACPI: Sleep Button [SLPF]
[    0.790747] ACPI: Battery Slot [BAT0] (battery present)
[    0.792037] Serial: 8250/16550 driver, 32 ports, IRQ sharing enabled
[    0.814074] 00:02: ttyS0 at I/O 0x3f8 (irq = 4, base_baud = 115200) is a 16550A
[    0.818806] Linux agpgart interface v0.103
[    0.820762] loop: module loaded
[    0.821924] scsi host0: ata_piix
[    0.822682] scsi host1: ata_piix
[    0.823427] ata1: PATA max UDMA/33 cmd 0x1f0 ctl 0x3f6 bmdma 0xd000 irq 14
[    0.824766] ata2: PATA max UDMA/33 cmd 0x170 ctl 0x376 bmdma 0xd008 irq 15
[    0.826111] libphy: Fixed MDIO Bus: probed
[    0.826956] tun: Universal TUN/TAP device driver, 1.6
[    0.828090] PPP generic driver version 2.4.2
[    0.829084] ehci_hcd: USB 2.0 'Enhanced' Host Controller (EHCI) Driver
[    0.830351] ehci-pci: EHCI PCI platform driver
[    0.831254] ehci-platform: EHCI generic platform driver
[    0.832277] ohci_hcd: USB 1.1 'Open' Host Controller (OHCI) Driver
[    0.833470] ohci-pci: OHCI PCI platform driver
[    0.834355] ohci-platform: OHCI generic platform driver
[    0.835536] uhci_hcd: USB Universal Host Controller Interface driver
[    0.836902] i8042: PNP: PS/2 Controller [PNP0303:PS2K,PNP0f03:PS2M] at 0x60,0x64 irq 1,12
[    0.838918] serio: i8042 KBD port at 0x60,0x64 irq 1
[    0.839964] serio: i8042 AUX port at 0x60,0x64 irq 12
[    0.841226] mousedev: PS/2 mouse device common for all mice
[    0.843244] rtc_cmos rtc_cmos: rtc core: registered rtc_cmos as rtc0
[    0.844625] input: AT Translated Set 2 keyboard as /devices/platform/i8042/serio0/input/input2
[    0.846393] rtc_cmos rtc_cmos: alarms up to one day, 114 bytes nvram
[    0.847815] i2c /dev entries driver
[    0.848704] device-mapper: uevent: version 1.0.3
[    0.849857] device-mapper: ioctl: 4.37.0-ioctl (2017-09-20) initialised: dm-devel@redhat.com
[    0.851710] ledtrig-cpu: registered to indicate activity on CPUs
[    0.854242] NET: Registered protocol family 10
[    0.859098] Segment Routing with IPv6
[    0.859994] NET: Registered protocol family 17
[    0.861105] Key type dns_resolver registered
[    0.862422] mce: Using 0 MCE banks
[    0.863229] RAS: Correctable Errors collector initialized.
[    0.864535] sched_clock: Marking stable (864515646, 0)->(1116463043, -251947397)
[    0.866682] registered taskstats version 1
[    0.867670] Loading compiled-in X.509 certificates
[    0.870764] Loaded X.509 cert 'Build time autogenerated kernel key: f60a4c8d126e94dbf36c5faa43fb49029eeea9a9'
[    0.873248] Loaded X.509 cert 'Canonical Ltd. Live Patch Signing: 14df34d1a87cf37625abec039ef2bf521249b969'
[    0.875617] Loaded X.509 cert 'Canonical Ltd. Kernel Module Signing: 88f752e560a1e0737e31163a466ad7b70a850c19'
[    0.877783] zswap: loaded using pool lzo/zbud
[    0.881327] Key type big_key registered
[    0.882220] Key type trusted registered
[    0.884469] Key type encrypted registered
[    0.885516] AppArmor: AppArmor sha1 policy hashing enabled
[    0.886604] ima: No TPM chip found, activating TPM-bypass! (rc=-19)
[    0.887842] ima: Allocated hash algorithm: sha1
[    0.888971] evm: HMAC attrs: 0x1
[    0.889911]   Magic number: 6:714:596
[    0.890819] rtc_cmos rtc_cmos: setting system clock to 2022-05-09 19:33:50 UTC (1652124830)
[    0.893027] BIOS EDD facility v0.16 2004-Jun-25, 0 devices found
[    0.894314] EDD information not available.
[    1.014616] Freeing unused kernel image memory: 2448K
[    1.175029] Write protecting the kernel read-only data: 20480k
[    1.176978] Freeing unused kernel image memory: 2008K
[    1.178484] Freeing unused kernel image memory: 1824K
[    1.186721] x86/mm: Checked W+X mappings: passed, no W+X pages found.
Loading, please wait...
starting version 237
[    1.254803] Fusion MPT base driver 3.04.20
[    1.255860] Copyright (c) 1999-2008 LSI Corporation
[    1.274738] e1000: Intel(R) PRO/1000 Network Driver - version 7.3.21-k8-NAPI
[    1.276416] e1000: Copyright (c) 1999-2006 Intel Corporation.
[    1.282976] AVX2 version of gcm_enc/dec engaged.
[    1.284849] AES CTR mode by8 optimization enabled
[    1.289616] Fusion MPT SPI Host driver 3.04.20
[    1.312189] mptbase: ioc0: Initiating bringup
[    1.510693] input: ImExPS/2 Generic Explorer Mouse as /devices/platform/i8042/serio1/input/input4
[    1.576916] ioc0: LSI53C1030 A0: Capabilities={Initiator}
[    1.820117] scsi host2: ioc0: LSI53C1030 A0, FwRev=00000000h, Ports=1, MaxQ=256, IRQ=20
[    1.989298] scsi 2:0:0:0: Direct-Access     VBOX     HARDDISK         1.0  PQ: 0 ANSI: 5
[    2.031231] scsi target2:0:0: Beginning Domain Validation
[    2.036088] scsi target2:0:0: Domain Validation skipping write tests
[    2.038169] scsi target2:0:0: Ending Domain Validation
[    2.039844] scsi target2:0:0: asynchronous
[    2.042199] scsi 2:0:1:0: Direct-Access     VBOX     HARDDISK         1.0  PQ: 0 ANSI: 5
[    2.362015] scsi target2:0:1: Beginning Domain Validation
[    2.364648] random: fast init done
[    2.366036] scsi target2:0:1: Domain Validation skipping write tests
[    2.367147] scsi target2:0:1: Ending Domain Validation
[    2.368614] scsi target2:0:1: asynchronous
[    2.373701] random: systemd-udevd: uninitialized urandom read (16 bytes read)
[    2.374906] random: systemd-udevd: uninitialized urandom read (16 bytes read)
[    2.376144] random: systemd-udevd: uninitialized urandom read (16 bytes read)
[    2.380814] sd 2:0:0:0: Attached scsi generic sg0 type 0
[    2.387521] sd 2:0:1:0: Attached scsi generic sg1 type 0
[    2.389009] sd 2:0:0:0: [sda] 83886080 512-byte logical blocks: (42.9 GB/40.0 GiB)
[    2.389922] e1000 0000:00:03.0 eth0: (PCI:33MHz:32-bit) 02:77:80:ca:b7:e6
[    2.390769] sd 2:0:1:0: [sdb] 20480 512-byte logical blocks: (10.5 MB/10.0 MiB)
[    2.391790] e1000 0000:00:03.0 eth0: Intel(R) PRO/1000 Network Connection
[    2.394353] sd 2:0:1:0: [sdb] Write Protect is off
[    2.396785] sd 2:0:0:0: [sda] Write Protect is off
[    2.397129] sd 2:0:1:0: [sdb] Incomplete mode parameter data
[    2.398960] sd 2:0:1:0: [sdb] Assuming drive cache: write through
[    2.399916] e1000 0000:00:03.0 enp0s3: renamed from eth0
[    2.401829] sd 2:0:0:0: [sda] Incomplete mode parameter data
[    2.403120] sd 2:0:0:0: [sda] Assuming drive cache: write through
[    2.406346] sd 2:0:1:0: [sdb] Attached SCSI disk
[    2.407436]  sda: sda1
[    2.409092] sd 2:0:0:0: [sda] Attached SCSI disk
Begin: Loading essential drivers ... [    4.056067] raid6: sse2x1   gen() 11832 MB/s
[    4.104064] raid6: sse2x1   xor()  8218 MB/s
[    4.152094] raid6: sse2x2   gen() 12559 MB/s
[    4.200066] raid6: sse2x2   xor()  8685 MB/s
[    4.248081] raid6: sse2x4   gen() 15923 MB/s
[    4.296047] raid6: sse2x4   xor()  9848 MB/s
[    4.344079] raid6: avx2x1   gen() 18579 MB/s
[    4.392084] raid6: avx2x1   xor() 13425 MB/s
[    4.440014] raid6: avx2x2   gen() 27930 MB/s
[    4.488070] raid6: avx2x2   xor() 16885 MB/s
[    4.536080] raid6: avx2x4   gen() 29124 MB/s
[    4.584072] raid6: avx2x4   xor() 17941 MB/s
[    4.585241] raid6: using algorithm avx2x4 gen() 29124 MB/s
[    4.586443] raid6: .... xor() 17941 MB/s, rmw enabled
[    4.587494] raid6: using avx2x2 recovery algorithm
[    4.589553] xor: automatically using best checksumming function   avx       
[    4.591802] async_tx: api initialized (async)
done.
Begin: Running /scripts/init-premount ... done.
Begin: Mounting root file system ... Begin: Running /scripts/local-top ... done.
Begin: Running /scripts/local-premount ... [    4.638311] Btrfs loaded, crc32c=crc32c-intel
Scanning for Btrfs filesystems
done.
Warning: fsck not present, so skipping root file system
[    4.666646] EXT4-fs (sda1): mounted filesystem with ordered data mode. Opts: (null)
done.
Begin: Running /scripts/local-bottom ... done.
Begin: Running /scripts/init-bottom ... done.
[    4.838591] ip_tables: (C) 2000-2006 Netfilter Core Team
[    4.849496] systemd[1]: systemd 237 running in system mode. (+PAM +AUDIT +SELINUX +IMA +APPARMOR +SMACK +SYSVINIT +UTMP +LIBCRYPTSETUP +GCRYPT +GNUTLS +ACL +XZ +LZ4 +SECCOMP +BLKID +ELFUTILS +KMOD -IDN2 +IDN -PCRE2 default-hierarchy=hybrid)
[    4.855554] systemd[1]: Detected virtualization oracle.
[    4.856869] systemd[1]: Detected architecture x86-64.

Welcome to [1mUbuntu 18.04.6 LTS[0m!

[    4.869917] systemd[1]: Set hostname to <ubuntu>.
[    4.874455] systemd[1]: Initializing machine ID from random generator.
[    4.876408] systemd[1]: Installed transient /etc/machine-id file.
[    5.151172] systemd[1]: Set up automount Arbitrary Executable File Formats File System Automount Point.
[[0;32m  OK  [0m] Set up automount Arbitrary Executab…rmats File System Automount Point.
[    5.154406] systemd[1]: Reached target System Time Synchronized.
[[0;32m  OK  [0m] Reached target System Time Synchronized.
[    5.513585] systemd[1]: Created slice System Slice.
[[0;32m  OK  [0m] Created slice System Slice.
[    5.517740] systemd[1]: Listening on Journal Socket.
[[0;32m  OK  [0m] Listening on Journal Socket.
         Starting Uncomplicated firewall...
         Mounting Kernel Debug File System...
[[0;32m  OK  [0m] Listening on Journal Socket (/dev/log).
         Starting Load Kernel Modules...
         Starting Set the console keyboard layout...
[    5.554477] Loading iSCSI transport class v2.0-870.
[[0;32m  OK  [0m] Listening on udev Kernel Socket.
[    5.563034] iscsi: registered transport (tcp)
[[0;32m  OK  [0m] Listening on Device-mapper event daemon FIFOs.
[[0;32m  OK  [0m] Listening on Network Service Netlink Socket.
[[0;32m  OK  [0m] Reached target User and Group Name Lookups.
[[0;32m  OK  [0m] Created slice system-serial\x2dgetty.slice.
[[0;32m  OK  [0m] Listening on Syslog Socket.
[    5.581404] iscsi: registered transport (iser)
         Mounting Huge Pages File System...
[[0;32m  OK  [0m] Listening on /dev/initctl Compatibility Named Pipe.
[[0;32m  OK  [0m] Reached target Swap.
[[0;32m  OK  [0m] Listening on udev Control Socket.
         Starting udev Coldplug all Devices...
         Mounting POSIX Message Queue File System...
[[0;32m  OK  [0m] Listening on Journal Audit Socket.
         Starting Journal Service...
[[0;32m  OK  [0m] Listening on LVM2 metadata daemon socket.
         Starting Monitoring of LVM2 mirrors…ng dmeventd or progress polling...
[[0;32m  OK  [0m] Listening on fsck to fsckd communication Socket.
         Starting File System Check on Root Device...
[[0;32m  OK  [0m] Started Forward Password Requests to Wall Directory Watch.
         Starting Create list of required st…ce nodes for the current kernel...
[[0;32m  OK  [0m] Listening on LVM2 poll daemon socket.
[[0;32m  OK  [0m] Created slice User and Session Slice.
[[0;32m  OK  [0m] Reached target Slices.
[[0;32m  OK  [0m] Started Journal Service.
[[0;32m  OK  [0m] Started Uncomplicated firewall.
[[0;32m  OK  [0m] Mounted Kernel Debug File System.
[[0;32m  OK  [0m] Started Load Kernel Modules.
[[0;32m  OK  [0m] Mounted Huge Pages File System.
[[0;32m  OK  [0m] Mounted POSIX Message Queue File System.
[[0;32m  OK  [0m] Started File System Check on Root Device.
[[0;32m  OK  [0m] Started Create list of required sta…vice nodes for the current kernel.
[[0;32m  OK  [0m] Started LVM2 metadata daemon.
[[0;32m  OK  [0m] Started File System Check Daemon to report status.
         Starting Create Static Device Nodes in /dev...
         Starting Remount Root and Kernel File Systems...
         Mounting FUSE Control File System...
         Starting Apply Kernel Variables...
         Mounting Kernel Configuration File System...
[[0;32m  OK  [0m] Started udev Coldplug all Devices.
[[0;32m  OK  [0m] Started Create Static Device Nodes in /dev.
[[0;32m  OK  [0m] Mounted FUSE Control File System.
[[0;32m  OK  [0m] Mounted Kernel Configuration File System.
[[0;32m  OK  [0m] Started Set the console keyboard layout.
[[0;32m  OK  [0m] Started Monitoring of LVM2 mirrors,…sing dmeventd or progress polling.
[[0;32m  OK  [0m] Started Remount Root and Kernel File Systems.
[[0;32m  OK  [0m] Started Apply Kernel Variables.
         Starting udev Kernel Device Manager...
         Starting Load/Save Random Seed...
         Starting Flush Journal to Persistent Storage...
[[0;32m  OK  [0m] Reached target Local File Systems (Pre).
[[0;32m  OK  [0m] Reached target Local File Systems.
         Starting AppArmor initialization...
         Starting ebtables ruleset management...
         Starting Commit a transient machine-id on disk...
         Starting Tell Plymouth To Write Out Runtime Data...
         Starting Set console font and keymap...
[[0;32m  OK  [0m] Started udev Kernel Device Manager.
[[0;32m  OK  [0m] Started Load/Save Random Seed.
[[0;32m  OK  [0m] Started Dispatch Password Requests to Console Directory Watch.
[[0;32m  OK  [0m] Reached target Local Encrypted Volumes.
[[0;32m  OK  [0m] Started Tell Plymouth To Write Out Runtime Data.
[[0;32m  OK  [0m] Started Set console font and keymap.
[[0;32m  OK  [0m] Started Commit a transient machine-id on disk.
[[0;32m  OK  [0m] Started Flush Journal to Persistent Storage.
         Starting Create Volatile Files and Directories...
[[0;32m  OK  [0m] Started Create Volatile Files and Directories.
         Starting Update UTMP about System Boot/Shutdown...
[[0;32m  OK  [0m] Started Update UTMP about System Boot/Shutdown.
[[0;32m  OK  [0m] Started ebtables ruleset management.
[[0;32m  OK  [0m] Found device /dev/ttyS0.
[[0;32m  OK  [0m] Listening on Load/Save RF Kill Switch Status /dev/rfkill Watch.
[[0;32m  OK  [0m] Started AppArmor initialization.
         Starting Load AppArmor profiles managed internally by snapd...
         Starting Initial cloud-init job (pre-networking)...
[[0;32m  OK  [0m] Started Load AppArmor profiles managed internally by snapd.
[   10.782811] cloud-init[564]: Cloud-init v. 21.4-0ubuntu1~18.04.1 running 'init-local' at Mon, 09 May 2022 19:33:59 +0000. Up 10.14 seconds.
[[0;32m  OK  [0m] Started Initial cloud-init job (pre-networking).
[[0;32m  OK  [0m] Reached target Network (Pre).
         Starting Network Service...
[[0;32m  OK  [0m] Started Network Service.
         Starting Network Name Resolution...
         Starting Wait for Network to be Configured...
[[0;32m  OK  [0m] Started Network Name Resolution.
[[0;32m  OK  [0m] Reached target Host and Network Name Lookups.
[[0;32m  OK  [0m] Reached target Network.
[[0;32m  OK  [0m] Started Wait for Network to be Configured.
         Starting Initial cloud-init job (metadata service crawler)...
[   14.075448] cloud-init[674]: Cloud-init v. 21.4-0ubuntu1~18.04.1 running 'init' at Mon, 09 May 2022 19:34:03 +0000. Up 13.62 seconds.
[   14.077614] cloud-init[674]: ci-info: ++++++++++++++++++++++++++++++++++++++Net device info++++++++++++++++++++++++++++++++++++++
[   14.079708] cloud-init[674]: ci-info: +--------+------+----------------------------+---------------+--------+-------------------+
[   14.088235] cloud-init[674]: ci-info: | Device |  Up  |          Address           |      Mask     | Scope  |     Hw-Address    |
[   14.100271] cloud-init[674]: ci-info: +--------+------+----------------------------+---------------+--------+-------------------+
[   14.102332] cloud-init[674]: ci-info: | enp0s3 | True |         10.0.2.15          | 255.255.255.0 | global | 02:77:80:ca:b7:e6 |
[   14.105349] cloud-init[674]: ci-info: | enp0s3 | True | fe80::77:80ff:feca:b7e6/64 |       .       |  link  | 02:77:80:ca:b7:e6 |
[   14.107886] cloud-init[674]: ci-info: |   lo   | True |         127.0.0.1          |   255.0.0.0   |  host  |         .         |
[   14.116259] cloud-init[674]: ci-info: |   lo   | True |          ::1/128           |       .       |  host  |         .         |
[   14.118243] cloud-init[674]: ci-info: +--------+------+----------------------------+---------------+--------+-------------------+
[   14.119786] cloud-init[674]: ci-info: ++++++++++++++++++++++++++++Route IPv4 info+++++++++++++++++++++++++++++
[   14.121235] cloud-init[674]: ci-info: +-------+-------------+----------+-----------------+-----------+-------+
[   14.132284] cloud-init[674]: ci-info: | Route | Destination | Gateway  |     Genmask     | Interface | Flags |
[   14.144326] cloud-init[674]: ci-info: +-------+-------------+----------+-----------------+-----------+-------+
[   14.156294] cloud-init[674]: ci-info: |   0   |   0.0.0.0   | 10.0.2.2 |     0.0.0.0     |   enp0s3  |   UG  |
[   14.174666] cloud-init[674]: ci-info: |   1   |   10.0.2.0  | 0.0.0.0  |  255.255.255.0  |   enp0s3  |   U   |
[   14.177589] cloud-init[674]: ci-info: |   2   |   10.0.2.2  | 0.0.0.0  | 255.255.255.255 |   enp0s3  |   UH  |
[   14.179606] cloud-init[674]: ci-info: +-------+-------------+----------+-----------------+-----------+-------+
[   14.181894] cloud-init[674]: ci-info: +++++++++++++++++++Route IPv6 info+++++++++++++++++++
[   14.183685] cloud-init[674]: ci-info: +-------+-------------+---------+-----------+-------+
[   14.184884] cloud-init[674]: ci-info: | Route | Destination | Gateway | Interface | Flags |
[   14.186379] cloud-init[674]: ci-info: +-------+-------------+---------+-----------+-------+
[   14.187690] cloud-init[674]: ci-info: |   1   |  fe80::/64  |    ::   |   enp0s3  |   U   |
[   14.188942] cloud-init[674]: ci-info: |   3   |    local    |    ::   |   enp0s3  |   U   |
[   14.190516] cloud-init[674]: ci-info: |   4   |   ff00::/8  |    ::   |   enp0s3  |   U   |
[   14.200274] cloud-init[674]: ci-info: +-------+-------------+---------+-----------+-------+
[   15.198078] cloud-init[674]: Generating public/private rsa key pair.
[   15.199781] cloud-init[674]: Your identification has been saved in /etc/ssh/ssh_host_rsa_key.
[   15.202167] cloud-init[674]: Your public key has been saved in /etc/ssh/ssh_host_rsa_key.pub.
[   15.203698] cloud-init[674]: The key fingerprint is:
[   15.216325] cloud-init[674]: SHA256:LP47gaSFtdgWhi0uBu0R5WK6g0o8ZwPGk7H5kd2D5rc root@ubuntu-bionic
[   15.218778] cloud-init[674]: The key's randomart image is:
[   15.220381] cloud-init[674]: +---[RSA 2048]----+
[   15.221750] cloud-init[674]: | ..o.o           |
[   15.223480] cloud-init[674]: |. o.o =          |
[   15.225134] cloud-init[674]: | +oo.B o         |
[   15.236428] cloud-init[674]: |.oO.* O.         |
[   15.238378] cloud-init[674]: |.X + O.+S        |
[   15.252380] cloud-init[674]: |+.+ =...o        |
[   15.253757] cloud-init[674]: |++ = ... .       |
[   15.255164] cloud-init[674]: |o.+ . ..o        |
[   15.256860] cloud-init[674]: |.      Eoo       |
[   15.258805] cloud-init[674]: +----[SHA256]-----+
[   15.260083] cloud-init[674]: Generating public/private dsa key pair.
[   15.261678] cloud-init[674]: Your identification has been saved in /etc/ssh/ssh_host_dsa_key.
[   15.264129] cloud-init[674]: Your public key has been saved in /etc/ssh/ssh_host_dsa_key.pub.
[   15.266675] cloud-init[674]: The key fingerprint is:
[   15.268199] cloud-init[674]: SHA256:Fp2B75OBRtUS+q5kWM//wGvi0u4na2ja3JHYIozqff8 root@ubuntu-bionic
[   15.270446] cloud-init[674]: The key's randomart image is:
[   15.271842] cloud-init[674]: +---[DSA 1024]----+
[   15.284395] cloud-init[674]: |         o+o     |
[   15.286169] cloud-init[674]: |        oo.o.    |
[   15.296317] cloud-init[674]: |       .ooo.     |
[   15.297488] cloud-init[674]: |        ooo      |
[   15.308435] cloud-init[674]: |       .S..o     |
[   15.320319] cloud-init[674]: |     o + *+o     |
[   15.321246] cloud-init[674]: |    . + =oB.o    |
[   15.323121] cloud-init[674]: |   o  .*++=ooo   |
[   15.324998] cloud-init[674]: | .o ...+=BE*o..  |
[   15.327088] cloud-init[674]: +----[SHA256]-----+
[   15.331946] cloud-init[674]: Generating public/private ecdsa key pair.
[   15.334577] cloud-init[674]: Your identification has been saved in /etc/ssh/ssh_host_ecdsa_key.
[   15.336816] cloud-init[674]: Your public key has been saved in /etc/ssh/ssh_host_ecdsa_key.pub.
[   15.338678] cloud-init[674]: The key fingerprint is:
[   15.348401] cloud-init[674]: SHA256:b+jUwccLJ7ncIaqaIcNAniyH8/ZCcWdpiH4D8O6aifw root@ubuntu-bionic
[   15.351516] cloud-init[674]: The key's randomart image is:
[   15.352779] cloud-init[674]: +---[ECDSA 256]---+
[   15.357284] cloud-init[674]: |                 |
[   15.360263] cloud-init[674]: |.                |
[   15.372623] cloud-init[674]: | + . . .         |
[   15.384837] cloud-init[674]: |+.* o =  . o     |
[[   15.388954] cloud-init[674]: |=*.+ +  S B =    |
[   15.389538] cloud-init[674]: |.*+ o    * X o   |
[   15.390375] cloud-init[674]: | o*...  + * o    |
[   15.391106] cloud-init[674]: |o+o+ o + .       |
[   15.392582] cloud-init[674]: |=o.E+.. .        |
[   15.393817] cloud-init[674]: +----[SHA256]-----+
[   15.394021] cloud-init[674]: Generating public/private ed25519 key pair.
[   15.395199] cloud-init[674]: Your identification has been saved in /etc/ssh/ssh_host_ed25519_key.
[   15.396591] cloud-init[674]: Your public key has been saved in /etc/ssh/ssh_host_ed25519_key.pub.
[   15.397652] cloud-init[674]: The key fingerprint is:
[   15.399111] cloud-init[674]: SHA256:maK75ky9BI6/wpxZ3DOoeiHFQKZQLoGgg4alzeDqDpw root@ubuntu-bionic
[   15.399443] cloud-init[674]: The key's randomart image is:
[   15.401770] cloud-init[674]: +--[ED25519 256]--+
[   15.402979] cloud-init[674]: |O+o              |
[   15.404172] cloud-init[674]: |@O               |
[   15.410010] cloud-init[674]: |O=+              |
[   15.414099] cloud-init[674]: |ooo      o       |
[   15.415876] cloud-init[674]: |.. ..o. S        |
[   15.418859] cloud-init[674]: |+ oo+++.         |
[   15.424185] cloud-init[674]: |.E.*+ oo         |
[   15.424646] cloud-init[674]: |o O+.o .         |
[   15.427587] cloud-init[674]: |.+ +Bo.          |
[   15.429524] cloud-init[674]: +----[SHA256]-----+
[0;32m  OK  [0m] Started Initial cloud-init job (metadata service crawler).
[[0;32m  OK  [0m] Reached target Cloud-config availability.
[[0;32m  OK  [0m] Reached target Network is Online.
         Starting Availability of block devices...
[[0;32m  OK  [0m] Reached target Remote File Systems (Pre).
[[0;32m  OK  [0m] Reached target Remote File Systems.
[[0;32m  OK  [0m] Reached target System Initialization.
         Starting Socket activation for snappy daemon.
         Starting LXD - unix socket.
[[0;32m  OK  [0m] Started Daily Cleanup of Temporary Directories.
[[0;32m  OK  [0m] Listening on ACPID Listen Socket.
[[0;32m  OK  [0m] Started Ubuntu Advantage Timer for running repeated jobs.
[[0;32m  OK  [0m] Listening on Open-iSCSI iscsid Socket.
[[0;32m  OK  [0m] Started ACPI Events Check.
[[0;32m  OK  [0m] Started Trigger to poll for Ubuntu …(Only enabled on GCP LTS non-pro).
[[0;32m  OK  [0m] Listening on UUID daemon activation socket.
[[0;32m  OK  [0m] Started Message of the Day.
[[0;32m  OK  [0m] Started Daily apt download activities.
[[0;32m  OK  [0m] Started Daily apt upgrade and clean activities.
[[0;32m  OK  [0m] Started Discard unused blocks once a week.
[[0;32m  OK  [0m] Reached target Timers.
[[0;32m  OK  [0m] Reached target Paths.
[[0;32m  OK  [0m] Listening on cloud-init hotplug hook socket.
[[0;32m  OK  [0m] Listening on D-Bus System Message Bus Socket.
[[0;32m  OK  [0m] Started Availability of block devices.
[[0;32m  OK  [0m] Listening on Socket activation for snappy daemon.
[[0;32m  OK  [0m] Listening on LXD - unix socket.
[[0;32m  OK  [0m] Reached target Sockets.
[[0;32m  OK  [0m] Reached target Basic System.
         Starting Login Service...
         Starting Accounts Service...
[[0;32m  OK  [0m] Started Regular background program processing daemon.
         Starting LSB: automatic crash report generation...
[[0;32m  OK  [0m] Started FUSE filesystem for LXC.
         Starting Virtualbox guest utils...
[[0;32m  OK  [0m] Started D-Bus System Message Bus.
[[0;32m  OK  [0m] Started irqbalance daemon.
         Starting LXD - container startup/shutdown...
[[0;32m  OK  [0m] Started Deferred execution scheduler.
         Starting Dispatcher daemon for systemd-networkd...
         Starting System Logging Service...
         Starting Pollinate to seed the pseudo random number generator...
         Starting Permit User Sessions...
         Starting LSB: Record successful boot for GRUB...
         Starting Snap Daemon...
[[0;32m  OK  [0m] Started System Logging Service.
[[0;32m  OK  [0m] Started Login Service.
[[0;32m  OK  [0m] Started Permit User Sessions.
         Starting Hold until boot process finishes up...
         Starting Terminate Plymouth Boot Screen...
         Starting Authorization Manager...
[[0;32m  OK  [0m] Started Unattended Upgrades Shutdown.
[[0;32m  OK  [0m] Started Hold until boot process finishes up.
[[0;32m  OK  [0m] Started Terminate Plymouth Boot Screen.
         Starting Set console scheme...
[[0;32m  OK  [0m] Started Serial Getty on ttyS0.
[[0;32m  OK  [0m] Started LXD - container startup/shutdown.
[[0;32m  OK  [0m] Started Set console scheme.
[[0;32m  OK  [0m] Created slice system-getty.slice.
[[0;32m  OK  [0m] Started Getty on tty1.
[[0;32m  OK  [0m] Reached target Login Prompts.
[[0;32m  OK  [0m] Started LSB: Record successful boot for GRUB.
[[0;32m  OK  [0m] Started LSB: automatic crash report generation.
[[0;32m  OK  [0m] Started Authorization Manager.
[[0;32m  OK  [0m] Started Accounts Service.
[[0;32m  OK  [0m] Started Virtualbox guest utils.
[[0;32m  OK  [0m] Started Dispatcher daemon for systemd-networkd.
[[0;32m  OK  [0m] Started Snap Daemon.
         Starting Wait until snapd is fully seeded...
[[0;32m  OK  [0m] Started Pollinate to seed the pseudo random number generator.
         Starting OpenBSD Secure Shell server...
[[0;32m  OK  [0m] Started OpenBSD Secure Shell server.
[[0;32m  OK  [0m] Created slice User Slice of vagrant.
         Starting User Manager for UID 1000...
[[0;32m  OK  [0m] Started Session 1 of user vagrant.
[[0;32m  OK  [0m] Started User Manager for UID 1000.
[[0;32m  OK  [0m] Started Wait until snapd is fully seeded.
[[0;32m  OK  [0m] Reached target Multi-User System.
[[0;32m  OK  [0m] Reached target Graphical Interface.
         Starting Update UTMP about System Runlevel Changes...
         Starting Apply the settings specified in cloud-config...
[[0;32m  OK  [0m] Started Update UTMP about System Runlevel Changes.
[   21.342396] cloud-init[1138]: Cloud-init v. 21.4-0ubuntu1~18.04.1 running 'modules:config' at Mon, 09 May 2022 19:34:09 +0000. Up 20.11 seconds.

Ubuntu 18.04.6 LTS ubuntu-bionic ttyS0

ubuntu-bionic login: ci-info: no authorized SSH keys fingerprints found for user ubuntu.
<14>May  9 19:34:12 cloud-init: #############################################################
<14>May  9 19:34:12 cloud-init: -----BEGIN SSH HOST KEY FINGERPRINTS-----
<14>May  9 19:34:12 cloud-init: 1024 SHA256:Fp2B75OBRtUS+q5kWM//wGvi0u4na2ja3JHYIozqff8 root@ubuntu-bionic (DSA)
<14>May  9 19:34:12 cloud-init: 256 SHA256:b+jUwccLJ7ncIaqaIcNAniyH8/ZCcWdpiH4D8O6aifw root@ubuntu-bionic (ECDSA)
<14>May  9 19:34:12 cloud-init: 256 SHA256:maK75ky9BI6/wpxZ3DOoeiHFQKZQLoGgg4alzeDqDpw root@ubuntu-bionic (ED25519)
<14>May  9 19:34:12 cloud-init: 2048 SHA256:LP47gaSFtdgWhi0uBu0R5WK6g0o8ZwPGk7H5kd2D5rc root@ubuntu-bionic (RSA)
<14>May  9 19:34:12 cloud-init: -----END SSH HOST KEY FINGERPRINTS-----
<14>May  9 19:34:12 cloud-init: #############################################################
-----BEGIN SSH HOST KEY KEYS-----
ecdsa-sha2-nistp256 AAAAE2VjZHNhLXNoYTItbmlzdHAyNTYAAAAIbmlzdHAyNTYAAABBBIqBn6aWawpl4J77qhYaKxUAPlByGGDI5iqwg6MvaEIU9fgwFfFmErrI7HeTiE/psA6RgM9ncRjFGjHcsfi+q7g= root@ubuntu-bionic
ssh-ed25519 AAAAC3NzaC1lZDI1NTE5AAAAIOn2QMKX5j7ReuK1c4IpFtukZj71X3k/6ZgDex6UFswa root@ubuntu-bionic
ssh-rsa AAAAB3NzaC1yc2EAAAADAQABAAABAQC4gXDb8l6f4bcmPZlVr/8CRNs7Y28DGA8gYolJDFWk2YVD8wLMJcUv+J5rSPfN4Tpg1QTnFe+8gMbm2xhQnnevQTgav8GC2hqiBuHxXqFpuy9J5CronJKG8nXPmCRQOKstmbWQEP6qlgpJw5QbaA0hGrljfAWoobSolKi/8YtefTA5fZ6fAaOK06RGzjH6oE5p/J7aQuRC1HCtre+h2/UpbS9f6meJlfutVRrZXNvXuKIQv9hcy7qo/wOWgtoGeqqa4PorfYXTr6LVK0KH6O4qqEy/gSq8p96zD+4j+C0TJ1adZXiUgS+jRCwyLXNvnejT58ZmYBnmhwXTmLlbL7Xv root@ubuntu-bionic
-----END SSH HOST KEY KEYS-----
[   22.497765] cloud-init[1278]: Cloud-init v. 21.4-0ubuntu1~18.04.1 running 'modules:final' at Mon, 09 May 2022 19:34:11 +0000. Up 22.21 seconds.
[   22.499208] cloud-init[1278]: ci-info: no authorized SSH keys fingerprints found for user ubuntu.
[   22.500226] cloud-init[1278]: Cloud-init v. 21.4-0ubuntu1~18.04.1 finished at Mon, 09 May 2022 19:34:12 +0000. Datasource DataSourceNoCloud [seed=/dev/sdb][dsmode=net].  Up 22.48 seconds
